..\venv\Scripts\python.exe : 
2026-02-10 06:55:05,832 - 
services.georef_service - 
INFO - Tablas 
sys_provincias, 
sys_departamentos, 
sys_municipios y 
sys_localidades 
verificadas/creadas.
En línea: 1 Carácter: 1
+ ..\venv\Scripts\python.exe 
app.py 2>&1 | Out-File 
-FilePath server_er ...
+ ~~~~~~~~~~~~~~~~~~~~~~~~~~~
~~~~~~~~~~~
    + CategoryInfo           
   : NotSpecified: (2026-02  
  -10 06:5...icadas/creada   
 s.:String) [], RemoteExc    
eption
    + FullyQualifiedErrorId  
   : NativeCommandError
 
2026-02-10 06:55:05,835 - 
services.erp_master_service 
- INFO - Tablas maestras ERP 
inicializadas.
========================================
INICIANDO SISTEMA MULTI-TENANT (multiMCP)
Puerto: 5005
========================================
 * Serving Flask app 'app'
 * Debug mode: on
2026-02-10 06:55:05,859 - 
werkzeug - INFO - 
[31m[1mWARNING: This is a 
development server. Do not 
use it in a production 
deployment. Use a production 
WSGI server instead.[0m
 * Running on all addresses 
(0.0.0.0)
 * Running on 
http://127.0.0.1:5005
 * Running on 
http://10.96.0.5:5005
2026-02-10 06:55:05,859 - 
werkzeug - INFO - [33mPress 
CTRL+C to quit[0m
2026-02-10 06:55:05,860 - 
werkzeug - INFO -  * 
Restarting with stat
2026-02-10 06:55:06,332 - 
services.georef_service - 
INFO - Tablas 
sys_provincias, 
sys_departamentos, 
sys_municipios y 
sys_localidades 
verificadas/creadas.
2026-02-10 06:55:06,334 - 
services.erp_master_service 
- INFO - Tablas maestras ERP 
inicializadas.
2026-02-10 06:55:06,351 - 
werkzeug - WARNING -  * 
Debugger is active!
2026-02-10 06:55:06,355 - 
werkzeug - INFO -  * 
Debugger PIN: 138-343-744
